[    0.000000] Initializing cgroup subsys cpuset
[    0.000000] Initializing cgroup subsys cpu
[    0.000000] Initializing cgroup subsys cpuacct
[    0.000000] Linux version 4.4.0-169-generic (buildd@lgw01-amd64-038) (gcc version 5.4.0 20160609 (Ubuntu 5.4.0-6ubuntu1~16.04.12) ) #198-Ubuntu SMP Tue Nov 12 10:38:00 UTC 2019 (Ubuntu 4.4.0-169.198-generic 4.4.197)
[    0.000000] Command line: BOOT_IMAGE=/boot/vmlinuz-4.4.0-169-generic root=LABEL=cloudimg-rootfs ro console=tty1 console=ttyS0
[    0.000000] KERNEL supported cpus:
[    0.000000]   Intel GenuineIntel
[    0.000000]   AMD AuthenticAMD
[    0.000000]   Centaur CentaurHauls
[    0.000000] x86/fpu: xstate_offset[2]:  576, xstate_sizes[2]:  256
[    0.000000] x86/fpu: Supporting XSAVE feature 0x01: 'x87 floating point registers'
[    0.000000] x86/fpu: Supporting XSAVE feature 0x02: 'SSE registers'
[    0.000000] x86/fpu: Supporting XSAVE feature 0x04: 'AVX registers'
[    0.000000] x86/fpu: Enabled xstate features 0x7, context size is 832 bytes, using 'standard' format.
[    0.000000] e820: BIOS-provided physical RAM map:
[    0.000000] BIOS-e820: [mem 0x0000000000000000-0x000000000009fbff] usable
[    0.000000] BIOS-e820: [mem 0x000000000009fc00-0x000000000009ffff] reserved
[    0.000000] BIOS-e820: [mem 0x00000000000f0000-0x00000000000fffff] reserved
[    0.000000] BIOS-e820: [mem 0x0000000000100000-0x000000003ffeffff] usable
[    0.000000] BIOS-e820: [mem 0x000000003fff0000-0x000000003fffffff] ACPI data
[    0.000000] BIOS-e820: [mem 0x00000000fec00000-0x00000000fec00fff] reserved
[    0.000000] BIOS-e820: [mem 0x00000000fee00000-0x00000000fee00fff] reserved
[    0.000000] BIOS-e820: [mem 0x00000000fffc0000-0x00000000ffffffff] reserved
[    0.000000] NX (Execute Disable) protection: active
[    0.000000] SMBIOS 2.5 present.
[    0.000000] Hypervisor detected: KVM
[    0.000000] e820: last_pfn = 0x3fff0 max_arch_pfn = 0x400000000
[    0.000000] MTRR: Disabled
[    0.000000] x86/PAT: MTRRs disabled, skipping PAT initialization too.
[    0.000000] CPU MTRRs all blank - virtualized system.
[    0.000000] x86/PAT: Configuration [0-7]: WB  WT  UC- UC  WB  WT  UC- UC  
[    0.000000] found SMP MP-table at [mem 0x0009fff0-0x0009ffff] mapped at [ffff88000009fff0]
[    0.000000] Scanning 1 areas for low memory corruption
[    0.000000] RAMDISK: [mem 0x362f6000-0x37172fff]
[    0.000000] ACPI: Early table checksum verification disabled
[    0.000000] ACPI: RSDP 0x00000000000E0000 000024 (v02 VBOX  )
[    0.000000] ACPI: XSDT 0x000000003FFF0030 00003C (v01 VBOX   VBOXXSDT 00000001 ASL  00000061)
[    0.000000] ACPI: FACP 0x000000003FFF00F0 0000F4 (v04 VBOX   VBOXFACP 00000001 ASL  00000061)
[    0.000000] ACPI: DSDT 0x000000003FFF0470 0022EA (v02 VBOX   VBOXBIOS 00000002 INTL 20100528)
[    0.000000] ACPI: FACS 0x000000003FFF0200 000040
[    0.000000] ACPI: FACS 0x000000003FFF0200 000040
[    0.000000] ACPI: APIC 0x000000003FFF0240 00005C (v02 VBOX   VBOXAPIC 00000001 ASL  00000061)
[    0.000000] ACPI: SSDT 0x000000003FFF02A0 0001CC (v01 VBOX   VBOXCPUT 00000002 INTL 20100528)
[    0.000000] No NUMA configuration found
[    0.000000] Faking a node at [mem 0x0000000000000000-0x000000003ffeffff]
[    0.000000] NODE_DATA(0) allocated [mem 0x3ffeb000-0x3ffeffff]
[    0.000000] kvm-clock: Using msrs 4b564d01 and 4b564d00
[    0.000000] kvm-clock: cpu 0, msr 0:3ffe3001, primary cpu clock
[    0.000000] kvm-clock: using sched offset of 3705706480 cycles
[    0.000000] clocksource: kvm-clock: mask: 0xffffffffffffffff max_cycles: 0x1cd42e4dffb, max_idle_ns: 881590591483 ns
[    0.000000] Zone ranges:
[    0.000000]   DMA      [mem 0x0000000000001000-0x0000000000ffffff]
[    0.000000]   DMA32    [mem 0x0000000001000000-0x000000003ffeffff]
[    0.000000]   Normal   empty
[    0.000000]   Device   empty
[    0.000000] Movable zone start for each node
[    0.000000] Early memory node ranges
[    0.000000]   node   0: [mem 0x0000000000001000-0x000000000009efff]
[    0.000000]   node   0: [mem 0x0000000000100000-0x000000003ffeffff]
[    0.000000] Initmem setup node 0 [mem 0x0000000000001000-0x000000003ffeffff]
[    0.000000] ACPI: PM-Timer IO Port: 0x4008
[    0.000000] IOAPIC[0]: apic_id 2, version 32, address 0xfec00000, GSI 0-23
[    0.000000] ACPI: INT_SRC_OVR (bus 0 bus_irq 0 global_irq 2 dfl dfl)
[    0.000000] ACPI: INT_SRC_OVR (bus 0 bus_irq 9 global_irq 9 low level)
[    0.000000] Using ACPI (MADT) for SMP configuration information
[    0.000000] smpboot: Allowing 2 CPUs, 0 hotplug CPUs
[    0.000000] PM: Registered nosave memory: [mem 0x00000000-0x00000fff]
[    0.000000] PM: Registered nosave memory: [mem 0x0009f000-0x0009ffff]
[    0.000000] PM: Registered nosave memory: [mem 0x000a0000-0x000effff]
[    0.000000] PM: Registered nosave memory: [mem 0x000f0000-0x000fffff]
[    0.000000] e820: [mem 0x40000000-0xfebfffff] available for PCI devices
[    0.000000] Booting paravirtualized kernel on KVM
[    0.000000] clocksource: refined-jiffies: mask: 0xffffffff max_cycles: 0xffffffff, max_idle_ns: 7645519600211568 ns
[    0.000000] setup_percpu: NR_CPUS:512 nr_cpumask_bits:512 nr_cpu_ids:2 nr_node_ids:1
[    0.000000] PERCPU: Embedded 33 pages/cpu @ffff88003fc00000 s95448 r8192 d31528 u1048576
[    0.000000] Built 1 zonelists in Node order, mobility grouping on.  Total pages: 257912
[    0.000000] Policy zone: DMA32
[    0.000000] Kernel command line: BOOT_IMAGE=/boot/vmlinuz-4.4.0-169-generic root=LABEL=cloudimg-rootfs ro console=tty1 console=ttyS0
[    0.000000] PID hash table entries: 4096 (order: 3, 32768 bytes)
[    0.000000] Memory: 997720K/1048120K available (8623K kernel code, 1336K rwdata, 4036K rodata, 1488K init, 1288K bss, 50400K reserved, 0K cma-reserved)
[    0.000000] SLUB: HWalign=64, Order=0-3, MinObjects=0, CPUs=2, Nodes=1
[    0.000000] Kernel/User page tables isolation: enabled
[    0.000000] Hierarchical RCU implementation.
[    0.000000] 	Build-time adjustment of leaf fanout to 64.
[    0.000000] 	RCU restricting CPUs from NR_CPUS=512 to nr_cpu_ids=2.
[    0.000000] RCU: Adjusting geometry for rcu_fanout_leaf=64, nr_cpu_ids=2
[    0.000000] NR_IRQS:33024 nr_irqs:440 16
[    0.000000] Console: colour VGA+ 80x25
[    0.000000] console [tty1] enabled
[    0.000000] console [ttyS0] enabled
[    0.000000] tsc: Detected 3491.916 MHz processor
[    0.129583] Calibrating delay loop (skipped) preset value.. 6983.83 BogoMIPS (lpj=13967664)
[    0.131206] pid_max: default: 32768 minimum: 301
[    0.131977] ACPI: Core revision 20150930
[    0.133326] ACPI: 2 ACPI AML tables successfully acquired and loaded
[    0.134524] Security Framework initialized
[    0.135254] Yama: becoming mindful.
[    0.136100] AppArmor: AppArmor initialized
[    0.137209] Dentry cache hash table entries: 131072 (order: 8, 1048576 bytes)
[    0.139889] Inode-cache hash table entries: 65536 (order: 7, 524288 bytes)
[    0.141095] Mount-cache hash table entries: 2048 (order: 2, 16384 bytes)
[    0.142235] Mountpoint-cache hash table entries: 2048 (order: 2, 16384 bytes)
[    0.143836] Initializing cgroup subsys io
[    0.144610] Initializing cgroup subsys memory
[    0.145396] Initializing cgroup subsys devices
[    0.146151] Initializing cgroup subsys freezer
[    0.146956] Initializing cgroup subsys net_cls
[    0.147911] Initializing cgroup subsys perf_event
[    0.148730] Initializing cgroup subsys net_prio
[    0.149495] Initializing cgroup subsys hugetlb
[    0.150261] Initializing cgroup subsys pids
[    0.151818] mce: CPU supports 0 MCE banks
[    0.152588] Last level iTLB entries: 4KB 1024, 2MB 1024, 4MB 1024
[    0.153671] Last level dTLB entries: 4KB 1024, 2MB 1024, 4MB 1024, 1GB 4
[    0.154735] Spectre V1 : Mitigation: usercopy/swapgs barriers and __user pointer sanitization
[    0.156268] Spectre V2 : Mitigation: Full generic retpoline
[    0.157283] Spectre V2 : Spectre v2 / SpectreRSB mitigation: Filling RSB on context switch
[    0.158851] Speculative Store Bypass: Vulnerable
[    0.159702] MDS: Mitigation: Clear CPU buffers
[    0.162882] Freeing SMP alternatives memory: 36K
[    0.168471] ftrace: allocating 32301 entries in 127 pages
[    0.218596] smpboot: APIC(0) Converting physical 0 to logical package 0
[    0.219798] smpboot: Max logical packages: 1
[    0.220814] x2apic enabled
[    0.221561] Switched APIC routing to physical x2apic.
[    0.223426] ..TIMER: vector=0x30 apic1=0 pin1=2 apic2=-1 pin2=-1
[    0.332490] smpboot: CPU0: Intel(R) Core(TM) i5-4690 CPU @ 3.50GHz (family: 0x6, model: 0x3c, stepping: 0x3)
[    0.334471] Performance Events: unsupported p6 CPU model 60 no PMU driver, software events only.
[    0.346935] KVM setup paravirtual spinlock
[    0.348584] x86: Booting SMP configuration:
[    0.349361] .... node  #0, CPUs:      #1
[    0.350571] kvm-clock: cpu 1, msr 0:3ffe3041, secondary cpu clock
[    0.352120] mce: CPU supports 0 MCE banks
[    0.354593] x86: Booted up 1 node, 2 CPUs
[    0.355496] smpboot: Total of 2 processors activated (13967.66 BogoMIPS)
[    0.357111] devtmpfs: initialized
[    0.358811] evm: security.selinux
[    0.359454] evm: security.SMACK64
[    0.360188] evm: security.SMACK64EXEC
[    0.360934] evm: security.SMACK64TRANSMUTE
[    0.361687] evm: security.SMACK64MMAP
[    0.362478] evm: security.ima
[    0.363085] evm: security.capability
[    0.364040] clocksource: jiffies: mask: 0xffffffff max_cycles: 0xffffffff, max_idle_ns: 7645041785100000 ns
[    0.365848] futex hash table entries: 512 (order: 3, 32768 bytes)
[    0.367037] pinctrl core: initialized pinctrl subsystem
[    0.368021] RTC time: 17:26:58, date: 01/15/20
[    0.369040] NET: Registered protocol family 16
[    0.380659] cpuidle: using governor ladder
[    0.393363] cpuidle: using governor menu
[    0.394176] PCCT header not found.
[    0.394952] ACPI: bus type PCI registered
[    0.395886] acpiphp: ACPI Hot Plug PCI Controller Driver version: 0.5
[    0.397620] PCI: Using configuration type 1 for base access
[    0.409120] ACPI: Added _OSI(Module Device)
[    0.409972] ACPI: Added _OSI(Processor Device)
[    0.411110] ACPI: Added _OSI(3.0 _SCP Extensions)
[    0.412036] ACPI: Added _OSI(Processor Aggregator Device)
[    0.413845] ACPI: Executed 1 blocks of module-level executable AML code
[    0.416936] ACPI: Interpreter enabled
[    0.417727] ACPI: (supports S0 S5)
[    0.418408] ACPI: Using IOAPIC for interrupt routing
[    0.419527] PCI: Using host bridge windows from ACPI; if necessary, use "pci=nocrs" and report a bug
[    0.424952] ACPI: PCI Root Bridge [PCI0] (domain 0000 [bus 00-ff])
[    0.426257] acpi PNP0A03:00: _OSC: OS supports [ASPM ClockPM Segments MSI]
[    0.427633] acpi PNP0A03:00: _OSC: not requesting OS control; OS requires [ExtendedConfig ASPM ClockPM MSI]
[    0.429308] acpi PNP0A03:00: fail to add MMCONFIG information, can't access extended PCI configuration space under this bridge.
[    0.431689] PCI host bridge to bus 0000:00
[    0.432417] pci_bus 0000:00: root bus resource [io  0x0000-0x0cf7 window]
[    0.433508] pci_bus 0000:00: root bus resource [io  0x0d00-0xffff window]
[    0.434642] pci_bus 0000:00: root bus resource [mem 0x000a0000-0x000bffff window]
[    0.436057] pci_bus 0000:00: root bus resource [mem 0x40000000-0xfdffffff window]
[    0.437631] pci_bus 0000:00: root bus resource [bus 00-ff]
[    0.440421] pci 0000:00:01.1: legacy IDE quirk: reg 0x10: [io  0x01f0-0x01f7]
[    0.441808] pci 0000:00:01.1: legacy IDE quirk: reg 0x14: [io  0x03f6]
[    0.442941] pci 0000:00:01.1: legacy IDE quirk: reg 0x18: [io  0x0170-0x0177]
[    0.444303] pci 0000:00:01.1: legacy IDE quirk: reg 0x1c: [io  0x0376]
[    0.470818] pci 0000:00:07.0: quirk: [io  0x4000-0x403f] claimed by PIIX4 ACPI
[    0.472154] pci 0000:00:07.0: quirk: [io  0x4100-0x410f] claimed by PIIX4 SMB
[    0.478915] ACPI: PCI Interrupt Link [LNKA] (IRQs 5 9 10 *11)
[    0.480725] ACPI: PCI Interrupt Link [LNKB] (IRQs 5 9 *10 11)
[    0.482337] ACPI: PCI Interrupt Link [LNKC] (IRQs 5 *9 10 11)
[    0.483662] ACPI: PCI Interrupt Link [LNKD] (IRQs 5 9 10 *11)
[    0.485052] ACPI: Enabled 2 GPEs in block 00 to 07
[    0.486186] vgaarb: setting as boot device: PCI:0000:00:02.0
[    0.487272] vgaarb: device added: PCI:0000:00:02.0,decodes=io+mem,owns=io+mem,locks=none
[    0.488911] vgaarb: loaded
[    0.489513] vgaarb: bridge control possible 0000:00:02.0
[    0.490753] SCSI subsystem initialized
[    0.491599] ACPI: bus type USB registered
[    0.492497] usbcore: registered new interface driver usbfs
[    0.493569] usbcore: registered new interface driver hub
[    0.494566] usbcore: registered new device driver usb
[    0.495932] PCI: Using ACPI for IRQ routing
[    0.497328] NetLabel: Initializing
[    0.498028] NetLabel:  domain hash size = 128
[    0.498937] NetLabel:  protocols = UNLABELED CIPSOv4
[    0.501078] NetLabel:  unlabeled traffic allowed by default
[    0.502281] amd_nb: Cannot enumerate AMD northbridges
[    0.503378] clocksource: Switched to clocksource kvm-clock
[    0.511287] AppArmor: AppArmor Filesystem Enabled
[    0.512384] pnp: PnP ACPI init
[    0.513826] pnp: PnP ACPI: found 3 devices
[    0.523232] clocksource: acpi_pm: mask: 0xffffff max_cycles: 0xffffff, max_idle_ns: 2085701024 ns
[    0.524933] NET: Registered protocol family 2
[    0.525948] TCP established hash table entries: 8192 (order: 4, 65536 bytes)
[    0.527323] TCP bind hash table entries: 8192 (order: 5, 131072 bytes)
[    0.528735] TCP: Hash tables configured (established 8192 bind 8192)
[    0.530044] UDP hash table entries: 512 (order: 2, 16384 bytes)
[    0.531294] UDP-Lite hash table entries: 512 (order: 2, 16384 bytes)
[    0.532532] NET: Registered protocol family 1
[    0.533523] pci 0000:00:00.0: Limiting direct PCI/PCI transfers
[    0.534654] pci 0000:00:01.0: Activating ISA DMA hang workarounds
[    0.535840] Unpacking initramfs...
[    0.738517] Freeing initrd memory: 14836K
[    0.739394] RAPL PMU detected, API unit is 2^-32 Joules, 4 fixed counters 10737418240 ms ovfl timer
[    0.741039] hw unit of domain pp0-core 2^-0 Joules
[    0.741879] hw unit of domain package 2^-0 Joules
[    0.742682] hw unit of domain dram 2^-0 Joules
[    0.743451] hw unit of domain pp1-gpu 2^-0 Joules
[    0.744305] clocksource: tsc: mask: 0xffffffffffffffff max_cycles: 0x32557c2616d, max_idle_ns: 440795328427 ns
[    0.745993] platform rtc_cmos: registered platform RTC device (no PNP device found)
[    0.747378] Scanning for low memory corruption every 60 seconds
[    0.748830] audit: initializing netlink subsys (disabled)
[    0.749753] audit: type=2000 audit(1579109223.098:1): initialized
[    0.750970] Initialise system trusted keyring
[    0.751979] HugeTLB registered 2 MB page size, pre-allocated 0 pages
[    0.754116] zbud: loaded
[    0.755126] VFS: Disk quotas dquot_6.6.0
[    0.756209] VFS: Dquot-cache hash table entries: 512 (order 0, 4096 bytes)
[    0.757599] squashfs: version 4.0 (2009/01/31) Phillip Lougher
[    0.758974] fuse init (API version 7.23)
[    0.759997] Key type big_key registered
[    0.760770] Allocating IMA MOK and blacklist keyrings.
[    0.764272] Key type asymmetric registered
[    0.765129] Asymmetric key parser 'x509' registered
[    0.766061] Block layer SCSI generic (bsg) driver version 0.4 loaded (major 249)
[    0.767710] io scheduler noop registered
[    0.768501] io scheduler deadline registered (default)
[    0.769570] io scheduler cfq registered
[    0.771192] pci_hotplug: PCI Hot Plug PCI Core version: 0.5
[    0.773477] pciehp: PCI Express Hot Plug Controller Driver version: 0.4
[    0.777240] ACPI: AC Adapter [AC] (on-line)
[    0.779398] input: Power Button as /devices/LNXSYSTM:00/LNXPWRBN:00/input/input0
[    0.781509] ACPI: Power Button [PWRF]
[    0.782906] input: Sleep Button as /devices/LNXSYSTM:00/LNXSLPBN:00/input/input1
[    0.784691] ACPI: Sleep Button [SLPF]
[    0.785919] GHES: HEST is not enabled!
[    0.786994] Serial: 8250/16550 driver, 32 ports, IRQ sharing enabled
[    0.810958] 00:02: ttyS0 at I/O 0x3f8 (irq = 4, base_baud = 115200) is a 16550A
[    0.814301] Linux agpgart interface v0.103
[    0.817900] loop: module loaded
[    0.819526] scsi host0: ata_piix
[    0.820888] scsi host1: ata_piix
[    0.821936] ata1: PATA max UDMA/33 cmd 0x1f0 ctl 0x3f6 bmdma 0xd000 irq 14
[    0.823449] ata2: PATA max UDMA/33 cmd 0x170 ctl 0x376 bmdma 0xd008 irq 15
[    0.825456] libphy: Fixed MDIO Bus: probed
[    0.826841] tun: Universal TUN/TAP device driver, 1.6
[    0.828553] tun: (C) 1999-2004 Max Krasnyansky <maxk@qualcomm.com>
[    0.830916] PPP generic driver version 2.4.2
[    0.832349] ehci_hcd: USB 2.0 'Enhanced' Host Controller (EHCI) Driver
[    0.834071] ehci-pci: EHCI PCI platform driver
[    0.835059] ehci-platform: EHCI generic platform driver
[    0.836353] ohci_hcd: USB 1.1 'Open' Host Controller (OHCI) Driver
[    0.837868] ohci-pci: OHCI PCI platform driver
[    0.839283] ohci-platform: OHCI generic platform driver
[    0.840547] uhci_hcd: USB Universal Host Controller Interface driver
[    0.842271] i8042: PNP: PS/2 Controller [PNP0303:PS2K,PNP0f03:PS2M] at 0x60,0x64 irq 1,12
[    0.845066] serio: i8042 KBD port at 0x60,0x64 irq 1
[    0.846576] serio: i8042 AUX port at 0x60,0x64 irq 12
[    0.848525] mousedev: PS/2 mouse device common for all mice
[    0.850458] rtc_cmos rtc_cmos: rtc core: registered rtc_cmos as rtc0
[    0.852459] rtc_cmos rtc_cmos: alarms up to one day, 114 bytes nvram
[    0.854388] input: AT Translated Set 2 keyboard as /devices/platform/i8042/serio0/input/input2
[    0.856831] i2c /dev entries driver
[    0.857997] device-mapper: uevent: version 1.0.3
[    0.859307] device-mapper: ioctl: 4.34.0-ioctl (2015-10-28) initialised: dm-devel@redhat.com
[    0.861422] ledtrig-cpu: registered to indicate activity on CPUs
[    0.863709] NET: Registered protocol family 10
[    0.865124] NET: Registered protocol family 17
[    0.866661] Key type dns_resolver registered
[    0.868240] registered taskstats version 1
[    0.869237] Loading compiled-in X.509 certificates
[    0.870682] Loaded X.509 cert 'Build time autogenerated kernel key: ef3203c14e3994470d47ef6a7e15c1ade40f8e1e'
[    0.872644] zswap: loaded using pool lzo/zbud
[    0.875445] Key type trusted registered
[    0.883125] Key type encrypted registered
[    0.884392] AppArmor: AppArmor sha1 policy hashing enabled
[    0.885581] ima: No TPM chip found, activating TPM-bypass!
[    0.886576] ima: Allocated hash algorithm: sha1
[    0.887490] evm: HMAC attrs: 0x1
[    0.888534]   Magic number: 4:274:441
[    0.889383] rtc_cmos rtc_cmos: setting system clock to 2020-01-15 17:26:58 UTC (1579109218)
[    0.891066] BIOS EDD facility v0.16 2004-Jun-25, 0 devices found
[    0.892369] EDD information not available.
[    0.980546] Freeing unused kernel memory: 1488K
[    0.981354] Write protecting the kernel read-only data: 14336k
[    0.984368] Freeing unused kernel memory: 1604K
[    0.986021] Freeing unused kernel memory: 60K
Loading, please wait...
starting version 229
[    0.998425] random: systemd-udevd: uninitialized urandom read (16 bytes read, 2 bits of entropy available)
[    0.998894] random: udevadm: uninitialized urandom read (16 bytes read, 2 bits of entropy available)
[    0.998915] random: udevadm: uninitialized urandom read (16 bytes read, 2 bits of entropy available)
[    1.004191] random: systemd-udevd: uninitialized urandom read (16 bytes read, 2 bits of entropy available)
[    1.005548] random: udevadm: uninitialized urandom read (16 bytes read, 2 bits of entropy available)
[    1.005582] random: udevadm: uninitialized urandom read (16 bytes read, 2 bits of entropy available)
[    1.005684] random: udevadm: uninitialized urandom read (16 bytes read, 2 bits of entropy available)
[    1.005723] random: udevadm: uninitialized urandom read (16 bytes read, 2 bits of entropy available)
[    1.005758] random: udevadm: uninitialized urandom read (16 bytes read, 2 bits of entropy available)
[    1.005793] random: udevadm: uninitialized urandom read (16 bytes read, 2 bits of entropy available)
[    1.049771] Fusion MPT base driver 3.04.20
[    1.051869] Copyright (c) 1999-2008 LSI Corporation
[    1.054751] e1000: Intel(R) PRO/1000 Network Driver - version 7.3.21-k8-NAPI
[    1.057696] e1000: Copyright (c) 1999-2006 Intel Corporation.
[    1.070442] Fusion MPT SPI Host driver 3.04.20
[    1.077991] AVX2 version of gcm_enc/dec engaged.
[    1.079340] AES CTR mode by8 optimization enabled
[    1.092617] mptbase: ioc0: Initiating bringup
[    1.164236] ioc0: LSI53C1030 A0: Capabilities={Initiator}
[    1.261397] input: ImExPS/2 Generic Explorer Mouse as /devices/platform/i8042/serio1/input/input4
[    1.324582] scsi host2: ioc0: LSI53C1030 A0, FwRev=00000000h, Ports=1, MaxQ=256, IRQ=20
[    1.436170] scsi 2:0:0:0: Direct-Access     VBOX     HARDDISK         1.0  PQ: 0 ANSI: 5
[    1.437796] scsi target2:0:0: Beginning Domain Validation
[    1.441028] scsi target2:0:0: Domain Validation skipping write tests
[    1.442194] scsi target2:0:0: Ending Domain Validation
[    1.443157] scsi target2:0:0: asynchronous
[    1.444846] scsi 2:0:1:0: Direct-Access     VBOX     HARDDISK         1.0  PQ: 0 ANSI: 5
[    1.446569] scsi target2:0:1: Beginning Domain Validation
[    1.448926] scsi target2:0:1: Domain Validation skipping write tests
[    1.458201] scsi target2:0:1: Ending Domain Validation
[    1.572685] scsi target2:0:1: asynchronous
[    1.584330] sd 2:0:0:0: Attached scsi generic sg0 type 0
[    1.586807] sd 2:0:0:0: [sda] 20971520 512-byte logical blocks: (10.7 GB/10.0 GiB)
[    1.589045] sd 2:0:1:0: Attached scsi generic sg1 type 0
[    1.592360] sd 2:0:0:0: [sda] Write Protect is off
[    1.593455] sd 2:0:1:0: [sdb] 20480 512-byte logical blocks: (10.5 MB/10.0 MiB)
[    1.596229] sd 2:0:0:0: [sda] Incomplete mode parameter data
[    1.597684] sd 2:0:0:0: [sda] Assuming drive cache: write through
[    1.598979] sd 2:0:1:0: [sdb] Write Protect is off
[    1.601302] sd 2:0:1:0: [sdb] Incomplete mode parameter data
[    1.602369] sd 2:0:1:0: [sdb] Assuming drive cache: write through
[    1.606670]  sda: sda1
[    1.608826] sd 2:0:0:0: [sda] Attached SCSI disk
[    1.610271] sd 2:0:1:0: [sdb] Attached SCSI disk
[    1.832415] e1000 0000:00:03.0 eth0: (PCI:33MHz:32-bit) 02:39:67:e0:78:98
[    1.833569] e1000 0000:00:03.0 eth0: Intel(R) PRO/1000 Network Connection
[    1.835401] e1000 0000:00:03.0 enp0s3: renamed from eth0
Begin: Loading essential drivers ... [    3.101596] md: linear personality registered for level -1
[    3.104943] md: multipath personality registered for level -4
[    3.108163] md: raid0 personality registered for level 0
[    3.112554] md: raid1 personality registered for level 1
[    3.183578] raid6: sse2x1   gen() 11528 MB/s
[    3.251458] raid6: sse2x1   xor()  8648 MB/s
[    3.319684] raid6: sse2x2   gen() 14756 MB/s
[    3.387611] raid6: sse2x2   xor()  9573 MB/s
[    3.455830] raid6: sse2x4   gen() 16486 MB/s
[    3.523622] raid6: sse2x4   xor() 11369 MB/s
[    3.591534] raid6: avx2x1   gen() 22629 MB/s
[    3.659426] raid6: avx2x2   gen() 24961 MB/s
[    3.727875] raid6: avx2x4   gen() 28903 MB/s
[    3.728691] raid6: using algorithm avx2x4 gen() 28903 MB/s
[    3.729668] raid6: using avx2x2 recovery algorithm
[    3.731977] xor: automatically using best checksumming function:
[    3.771511]    avx       : 29861.000 MB/sec
[    3.773474] async_tx: api initialized (async)
[    3.784347] md: raid6 personality registered for level 6
[    3.785257] md: raid5 personality registered for level 5
[    3.786220] md: raid4 personality registered for level 4
[    3.792852] md: raid10 personality registered for level 10
done.
Begin: Running /scripts/init-premount ... done.
Begin: Mounting root file system ... Begin: Running /scripts/local-top ... done.
Begin: Running /scripts/local-premount ... [    3.818299] Btrfs loaded
Scanning for Btrfs filesystems
done.
Warning: fsck not present, so skipping root file system
[    3.851611] EXT4-fs (sda1): mounted filesystem with ordered data mode. Opts: (null)
done.
Begin: Running /scripts/local-bottom ... done.
Begin: Running /scripts/init-bottom ... done.
[    3.957103] systemd[1]: systemd 229 running in system mode. (+PAM +AUDIT +SELINUX +IMA +APPARMOR +SMACK +SYSVINIT +UTMP +LIBCRYPTSETUP +GCRYPT +GNUTLS +ACL +XZ -LZ4 +SECCOMP +BLKID +ELFUTILS +KMOD -IDN)
[    3.960084] systemd[1]: Detected virtualization oracle.
[    3.961058] systemd[1]: Detected architecture x86-64.

Welcome to [1mUbuntu 16.04.6 LTS[0m!

[    3.965120] systemd[1]: Set hostname to <ubuntu>.
[    3.968392] systemd[1]: Initializing machine ID from random generator.
[    3.969463] systemd[1]: Installed transient /etc/machine-id file.
[    4.100844] systemd[1]: Listening on /dev/initctl Compatibility Named Pipe.
[[0;32m  OK  [0m] Listening on /dev/initctl Compatibility Named Pipe.
[    4.103268] systemd[1]: Listening on Device-mapper event daemon FIFOs.
[[0;32m  OK  [0m] Listening on Device-mapper event daemon FIFOs.
[    4.111740] systemd[1]: Listening on Syslog Socket.
[[0;32m  OK  [0m] Listening on Syslog Socket.
[    4.113607] systemd[1]: Started Trigger resolvconf update for networkd DNS.
[[0;32m  OK  [0m] Started Trigger resolvconf update for networkd DNS.
[    4.123939] systemd[1]: Listening on udev Control Socket.
[[0;32m  OK  [0m] Listening on udev Control Socket.
[    4.131787] systemd[1]: Set up automount Arbitrary Executable File Formats File System Automount Point.
[[0;32m  OK  [0m] Set up automount Arbitrary Executab...ats File System Automount Point.
[    4.134983] systemd[1]: Reached target User and Group Name Lookups.
[[0;32m  OK  [0m] Reached target User and Group Name Lookups.
[    4.137484] systemd[1]: Started Forward Password Requests to Wall Directory Watch.
[[0;32m  OK  [0m] Started Forward Password Requests to Wall Directory Watch.
[    4.140794] systemd[1]: Created slice User and Session Slice.
[[0;32m  OK  [0m] Created slice User and Session Slice.
[    4.142799] systemd[1]: Listening on LVM2 poll daemon socket.
[[0;32m  OK  [0m] Listening on LVM2 poll daemon socket.
[    4.151607] systemd[1]: Listening on LVM2 metadata daemon socket.
[[0;32m  OK  [0m] Listening on LVM2 metadata daemon socket.
[    4.163841] systemd[1]: Reached target System Time Synchronized.
[[0;32m  OK  [0m] Reached target System Time Synchronized.
[    4.172166] systemd[1]: Listening on udev Kernel Socket.
[[0;32m  OK  [0m] Listening on udev Kernel Socket.
[    4.179992] systemd[1]: Listening on Journal Socket.
[[0;32m  OK  [0m] Listening on Journal Socket.
[    4.181650] systemd[1]: Listening on Journal Socket (/dev/log).
[[0;32m  OK  [0m] Listening on Journal Socket (/dev/log).
[    4.187690] systemd[1]: Listening on Journal Audit Socket.
[[0;32m  OK  [0m] Listening on Journal Audit Socket.
[    4.189388] systemd[1]: Reached target Swap.
[[0;32m  OK  [0m] Reached target Swap.
[    4.191041] systemd[1]: Reached target Encrypted Volumes.
[[0;32m  OK  [0m] Reached target Encrypted Volumes.
[    4.193111] systemd[1]: Created slice System Slice.
[[0;32m  OK  [0m] Created slice System Slice.
[    4.211742] systemd[1]: Starting Nameserver information manager...
         Starting Nameserver information manager...
[    4.222738] systemd[1]: Starting Monitoring of LVM2 mirrors, snapshots etc. using dmeventd or progress polling...
         Starting Monitoring of LVM2 mirrors... dmeventd or progress polling...
[    4.232663] systemd[1]: Starting Journal Service...
         Starting Journal Service...
[    4.235167] systemd[1]: Starting Create list of required static device nodes for the current kernel...
         Starting Create list of required st... nodes for the current kernel...
[    4.242801] systemd[1]: Mounting POSIX Message Queue File System...
         Mounting POSIX Message Queue File System...
[    4.252127] systemd[1]: Starting Set console keymap...
         Starting Set console keymap...
[    4.253766] systemd[1]: Reached target Slices.
[[0;32m  OK  [0m] Reached target Slices.
[    4.256094] systemd[1]: Mounting Debug File System...
         Mounting Debug File System...
[    4.258270] systemd[1]: Starting Remount Root and Kernel File Systems...
         Starting Remount Root and Kernel File Systems...
[    4.260458] systemd[1]: Created slice system-serial\x2dgetty.slice.
[[0;32m  OK  [0m] Created slice system-serial\x2dgetty.slice.
[    4.265644] EXT4-fs (sda1): re-mounted. Opts: (null)
[    4.268191] systemd[1]: Starting Load Kernel Modules...
         Starting Load Kernel Modules...
[    4.270693] systemd[1]: Mounting Huge Pages File System...
         Mounting Huge Pages File System...
[    4.279530] Loading iSCSI transport class v2.0-870.
[    4.280104] systemd[1]: Starting Uncomplicated firewall...
         Starting Uncomplicated firewall...
[    4.283996] systemd[1]: Mounted Debug File System.
[[0;32m  OK  [0m] Mounted Debug File System.
[    4.285667] systemd[1]: Mounted Huge Pages File System.
[[0;32m  OK  [0m] Mounted Huge Pages File System.
[    4.287319] systemd[1]: Mounted POSIX Message Queue File System.
[[0;32m  OK  [0m] Mounted POSIX Message Queue File System.
[    4.294009] iscsi: registered transport (tcp)
[    4.296190] systemd[1]: Started Journal Service.
[[0;32m  OK  [0m] Started Journal Service.
[[0;32m  OK  [0m] Started Create list of required sta...ce nodes for the current kernel.
[[0;32m  OK  [0m] Started Set console keymap.
[[0;32m  OK  [0m] Started Remount Root and Kernel File Systems.
[[0;32m  OK  [0m] Started Uncomplicated firewall.
[[0;32m  OK  [0m] Started Nameserver information manager.
[    4.327155] iscsi: registered transport (iser)
[[0;32m  OK  [0m] Started Load Kernel Modules.
         Mounting FUSE Control File System...
         Starting Apply Kernel Variables...
[[0;32m  OK  [0m] Started LVM2 metadata daemon.
         Starting udev Coldplug all Devices...
         Starting Load/Save Random Seed...
         Starting Create Static Device Nodes in /dev...
         Starting Flush Journal to Persistent Storage...
[[0;32m  OK  [0m] Mounted FUSE Control File System.
[[0;32m  OK  [0m] Started Apply Kernel Variables.
[[0;32m  OK  [0m] Started Load/Save Random Seed.
[[0;32m  OK  [0m] Started Create Static Device Nodes in /dev.
[[0;32m  OK  [0m] Started udev Coldplug all Devices.
[[0;32m  OK  [0m] Started Flush Journal to Persistent Storage.
         Starting udev Kernel Device Manager...
[[0;32m  OK  [0m] Started udev Kernel Device Manager.
[[0;32m  OK  [0m] Started Dispatch Password Requests to Console Directory Watch.
[[0;32m  OK  [0m] Found device /dev/ttyS0.
[[0;32m  OK  [0m] Started Monitoring of LVM2 mirrors,...ng dmeventd or progress polling.
[[0;32m  OK  [0m] Reached target Local File Systems (Pre).
[[0;32m  OK  [0m] Reached target Local File Systems.
         Starting Initial cloud-init job (pre-networking)...
         Starting Set console font and keymap...
         Starting Tell Plymouth To Write Out Runtime Data...
         Starting Commit a transient machine-id on disk...
         Starting Create Volatile Files and Directories...
         Starting LSB: AppArmor initialization...
[[0;32m  OK  [0m] Started Tell Plymouth To Write Out Runtime Data.
[[0;32m  OK  [0m] Started Create Volatile Files and Directories.
[[0;32m  OK  [0m] Started Commit a transient machine-id on disk.
[[0;32m  OK  [0m] Listening on Load/Save RF Kill Switch Status /dev/rfkill Watch.
         Starting Update UTMP about System Boot/Shutdown...
[[0;32m  OK  [0m] Started Update UTMP about System Boot/Shutdown.
[[0;32m  OK  [0m] Started LSB: AppArmor initialization.
[    5.445091] cloud-init[504]: Cloud-init v. 19.2-36-g059d049c-0ubuntu2~16.04.1 running 'init-local' at Wed, 15 Jan 2020 17:27:02 +0000. Up 5.10 seconds.
[[0;32m  OK  [0m] Started Initial cloud-init job (pre-networking).
[[0;32m  OK  [0m] Reached target Network (Pre).
         Starting Raise network interfaces...
[[0;32m  OK  [0m] Started Set console font and keymap.
[[0;32m  OK  [0m] Created slice system-getty.slice.
[[0;32m  OK  [0m] Started Raise network interfaces.
[[0;32m  OK  [0m] Reached target Network.
         Starting Initial cloud-init job (metadata service crawler)...
[    6.623852] cloud-init[948]: Cloud-init v. 19.2-36-g059d049c-0ubuntu2~16.04.1 running 'init' at Wed, 15 Jan 2020 17:27:03 +0000. Up 6.20 seconds.
[    6.632600] cloud-init[948]: ci-info: ++++++++++++++++++++++++++++++++++++++Net device info++++++++++++++++++++++++++++++++++++++
[    6.633922] cloud-init[948]: ci-info: +--------+------+----------------------------+---------------+--------+-------------------+
[    6.635132] cloud-init[948]: ci-info: | Device |  Up  |          Address           |      Mask     | Scope  |     Hw-Address    |
[    6.636426] cloud-init[948]: ci-info: +--------+------+----------------------------+---------------+--------+-------------------+
[    6.637842] cloud-init[948]: ci-info: | enp0s3 | True |         10.0.2.15          | 255.255.255.0 | global | 02:39:67:e0:78:98 |
[    6.639337] cloud-init[948]: ci-info: | enp0s3 | True | fe80::39:67ff:fee0:7898/64 |       .       |  link  | 02:39:67:e0:78:98 |
[    6.648780] cloud-init[948]: ci-info: |   lo   | True |         127.0.0.1          |   255.0.0.0   |  host  |         .         |
[    6.649973] cloud-init[948]: ci-info: |   lo   | True |          ::1/128           |       .       |  host  |         .         |
[    6.651118] cloud-init[948]: ci-info: +--------+------+----------------------------+---------------+--------+-------------------+
[    6.652228] cloud-init[948]: ci-info: +++++++++++++++++++++++++++Route IPv4 info++++++++++++++++++++++++++++
[    6.660854] cloud-init[948]: ci-info: +-------+-------------+----------+---------------+-----------+-------+
[    6.669024] cloud-init[948]: ci-info: | Route | Destination | Gateway  |    Genmask    | Interface | Flags |
[    6.670265] cloud-init[948]: ci-info: +-------+-------------+----------+---------------+-----------+-------+
[    6.671433] cloud-init[948]: ci-info: |   0   |   0.0.0.0   | 10.0.2.2 |    0.0.0.0    |   enp0s3  |   UG  |
[    6.681047] cloud-init[948]: ci-info: |   1   |   10.0.2.0  | 0.0.0.0  | 255.255.255.0 |   enp0s3  |   U   |
[[0;32m  OK  [0m] Started Initial cloud-init job (metadata service crawler).
[    6.681194] cloud-init[948]: ci-info: +-------+-------------+----------+---------------+-----------+-------+
[    6.683696] cloud-init[948]: ci-info: +++++++++++++++++++Route IPv6 info+++++++++++++++++++
[    6.684643] cloud-init[948]: ci-info: +-------+-------------+---------+-----------+-------+
[    6.685697] cloud-init[948]: ci-info: | Route | Destination | Gateway | Interface | Flags |
[    6.686607] cloud-init[948]: ci-info: +-------+-------------+---------+-----------+-------+
[    6.686789] cloud-init[948]: ci-info: |   0   |  fe80::/64  |    ::   |   enp0s3  |   U   |
[    6.686937] cloud-init[948]: ci-info: |   3   |   ff00::/8  |    ::   |   enp0s3  |   U   |
[    6.687008] cloud-init[948]: ci-info: +-------+-------------+---------+-----------+-------+
[    6.687131] cloud-init[948]: Generating public/private rsa key pair.
[    6.687354] cloud-init[948]: Your identification has been saved in /etc/ssh/ssh_host_rsa_key.
[    6.687516] cloud-init[948]: Your public key has been saved in /etc/ssh/ssh_host_rsa_key.pub.
[    6.687635] cloud-init[948]: The key fingerprint is:
[    6.687853] cloud-init[948]: SHA256:fiuXSujQ7XRZ7/Pj9EE98MllefGcVCrnZyMm/bMfBM8 root@ubuntu-xenial
[    6.688120] cloud-init[948]: The key's randomart image is:
[    6.688395] cloud-init[948]: +---[RSA 2048]----+
[    6.688686] cloud-init[948]: |               oo|
[    6.688781] cloud-init[948]: |              .o=|
[    6.688806] cloud-init[948]: |            .ooo*|
[    6.689043] cloud-init[948]: |            .+B.=|
[    6.689132] cloud-init[948]: |        S  ..+.E+|
[    6.689377] cloud-init[948]: |     . +   oo.=oo|
[[0;32m  OK  [0m] Reached target Network is Online.
[    6.689662] cloud-init[948]: |    . o = +.  .* |
[    6.695414] cloud-init[948]: |     o +.oo. .o.*|
[    6.695948] cloud-init[948]: |      . o+.   o=*|
[    6.696598] cloud-init[948]: +----[SHA256]-----+
[    6.697401] cloud-init[948]: Generating public/private dsa key pair.
[    6.698098] cloud-init[948]: Your identification has been saved in /etc/ssh/ssh_host_dsa_key.
[    6.699002] cloud-init[948]: Your public key has been saved in /etc/ssh/ssh_host_dsa_key.pub.
[    6.699982] cloud-init[948]: The key fingerprint is:
[    6.700680] cloud-init[948]: SHA256:2OX49W30WNtmkIh54GqAd/RKBey8ZCpIoxwvngJPS+k root@ubuntu-xenial
[    6.701668] cloud-init[948]: The key's randomart image is:
[    6.708363] cloud-init[948]: +---[DSA 1024]----+
         Starting iSCSI initiator daemon (iscsid)...
[[0;32m  OK  [0m] Reached target Cloud-config availability.
[[0;32m  OK  [0m] Reached target System Initialization.
[[0;32m  OK  [0m] Started Daily apt download activities.
[[0;32m  OK  [0m] Started Daily Cleanup of Temporary Directories.
         [    6.712007] cloud-init[948]: |       ..        |
[    6.715845] cloud-init[948]: |        ..       |
[    6.715960] cloud-init[948]: |       o. +      |
[    6.716243] cloud-init[948]: | .o  . +=B + . . |
[    6.716333] cloud-init[948]: |.oo+. ++S.* + o o|
[    6.716433] cloud-init[948]: |oo=....+.+ o . *+|
[    6.716589] cloud-init[948]: |o=o. .  + .   o.B|
[    6.716738] cloud-init[948]: |.oE    .       + |
[    6.716889] cloud-init[948]: |.                |
[    6.717039] cloud-init[948]: +----[SHA256]-----+
[    6.717357] cloud-init[948]: Generating public/private ecdsa key pair.
[    6.717610] cloud-init[948]: Your identification has been saved in /etc/ssh/ssh_host_ecdsa_key.
Starting Socket activation for snappy daemon.
[    6.717682] cloud-init[948]: Your public key has been saved in /etc/ssh/ssh_host_ecdsa_key.pub.
[    6.720724] cloud-init[948]: The key fingerprint is:
[    6.720853] cloud-init[948]: SHA256:kGdbfhY7vK15C4aOID2ZoVO/SperiqQ6FhmmOBmp4oc root@ubuntu-xenial
[    6.721132] cloud-init[948]: The key's randomart image is:
[    6.721374] cloud-init[948]: +---[ECDSA 256]---+
[    6.721628] cloud-init[948]: |                 |
[    6.721819] cloud-init[948]: |       .         |
[    6.722090] cloud-init[948]: | .    o o . .    |
[    6.722202] cloud-init[948]: |oo     + + . o   |
[    6.722283] cloud-init[948]: |=oo   o S . *    |
[    6.722310] cloud-init[948]: |Bo   + = . + +   |
[[0;32m  OK  [0m] Started Message of the Day.
[[    6.722351] [0;32m  OK  [0mcloud-init] [948]: Listening on ACPID Listen Socket.|o.+ + B + . + .  |

[    6.726068] cloud-init[948]: |.E o + + = . +.  |
[    6.726202] cloud-init[948]: |=.o ..oo+ . o... |
[    6.726436] cloud-init[948]: +----[SHA256]-----+
[    6.726540] cloud-init[948]: Generating public/private ed25519 key pair.
[    6.726610] cloud-init[948]: Your identification has been saved in /etc/ssh/ssh_host_ed25519_key.
[    6.726725] cloud-init[948]: Your public key has been saved in /etc/ssh/ssh_host_ed25519_key.pub.
[    6.726845] cloud-init[948]: The key fingerprint is:
[    6.727133] cloud-init[948]: SHA256:tUf4AcPV+9Uq0/7vyp41xSn+YCacq3VXedPHdXHk6D0 root@ubuntu-xenial
[    6.727194] cloud-init[948]: The key's randomart image is:
[    6.727491] cloud-init[948]: +--[ED25519 256]--+
[    6.727679] cloud-init[948]: |         .o... oo|
[    6.727753] cloud-init[948]: |          .+  .oo|
[    6.728104] cloud-init[948]: |          o o ..=|
[    6.728369] cloud-init[948]: |         . + o.+O|
[    6.728511] cloud-init[948]: |        S . oo.E@|
[    6.728563] cloud-init[948]: |          ..= + O|
[    6.728817] cloud-init[948]: |           = X o.|
[    6.728931] cloud-init[948]: |          . *.=o.|
[    6.729125] cloud-init[948]: |         ... .===|
[    6.729220] cloud-init[948]: +----[SHA256]-----+
[[0;32m  OK  [0m] Listening on UUID daemon activation socket.
[[0;32m  OK  [0m] Started Daily apt upgrade and clean activities.
[[0;32m  OK  [0m] Reached target Timers.
[[0;32m  OK  [0m] Started ACPI Events Check.
[[0;32m  OK  [0m] Reached target Paths.
         Starting LXD - unix socket.
[[0;32m  OK  [0m] Listening on D-Bus System Message Bus Socket.
[[0;32m  OK  [0m] Listening on Socket activation for snappy daemon.
[[0;32m  OK  [0m] Listening on LXD - unix socket.
[[0;32m  OK  [0m] Started iSCSI initiator daemon (iscsid).
         Starting Login to default iSCSI targets...
[[0;32m  OK  [0m] Reached target Sockets.
[[0;32m  OK  [0m] Reached target Basic System.
[[0;32m  OK  [0m] Started Deferred execution scheduler.
[[0;32m  OK  [0m] Started Regular background program processing daemon.
         Starting Pollinate to seed the pseudo random number generator...
         Starting System Logging Service...
         Starting LSB: Record successful boot for GRUB...
         Starting Accounts Service...
         Starting Virtualbox guest utils...
         Starting Snappy daemon...
         Starting Login Service...
[[0;32m  OK  [0m] Started FUSE filesystem for LXC.
[[0;32m  OK  [0m] Started ACPI event daemon.
         Starting LXD - container startup/shutdown...
[[0;32m  OK  [0m] Started D-Bus System Message Bus.
         Starting LSB: MD monitoring daemon...
         Starting /etc/rc.local Compatibility...
[[0;32m  OK  [0m] Started System Logging Service.
[[0;32m  OK  [0m] Started /etc/rc.local Compatibility.
[[0;32m  OK  [0m] Started Login to default iSCSI targets.
[[0;32m  OK  [0m] Started Login Service.
[[0;32m  OK  [0m] Started Unattended Upgrades Shutdown.
         Starting Authenticate and Authorize Users to Run Privileged Tasks...
[[0;32m  OK  [0m] Reached target Remote File Systems (Pre).
[[0;32m  OK  [0m] Reached target Remote File Systems.
         Starting LSB: daemon to balance interrupts for SMP systems...
         Starting Permit User Sessions...
         Starting LSB: Set the CPU Frequency Scaling governor to "ondemand"...
         Starting LSB: automatic crash report generation...
[[0;32m  OK  [0m] Started LSB: Record successful boot for GRUB.
[[0;32m  OK  [0m] Started LXD - container startup/shutdown.
[[0;32m  OK  [0m] Started LSB: MD monitoring daemon.
[[0;32m  OK  [0m] Started Permit User Sessions.
[[0;32m  OK  [0m] Started Authenticate and Authorize Users to Run Privileged Tasks.
[[0;32m  OK  [0m] Started Accounts Service.
[[0;32m  OK  [0m] Started Virtualbox guest utils.
[[0;32m  OK  [0m] Started Snappy daemon.
         Starting Wait until snapd is fully seeded...
         Starting Hold until boot process finishes up...
         Starting Terminate Plymouth Boot Screen...
[[0;32m  OK  [0m] Started LSB: daemon to balance interrupts for SMP systems.
[[0;32m  OK  [0m] Started LSB: Set the CPU Frequency Scaling governor to "ondemand".
[[0;32m  OK  [0m] Started Hold until boot process finishes up.
[[0;32m  OK  [0m] Started Terminate Plymouth Boot Screen.
[[0;32m  OK  [0m] Started Getty on tty1.
         Starting Set console scheme...
[[0;32m  OK  [0m] Started Serial Getty on ttyS0.
[[0;32m  OK  [0m] Reached target Login Prompts.
[[0;32m  OK  [0m] Started Pollinate to seed the pseudo random number generator.
[[0;32m  OK  [0m] Started LSB: automatic crash report generation.
[[0;32m  OK  [0m] Started Set console scheme.
         Starting OpenBSD Secure Shell server...
[[0;32m  OK  [0m] Started OpenBSD Secure Shell server.
[[0;32m  OK  [0m] Started Wait until snapd is fully seeded.
[[0;32m  OK  [0m] Reached target Multi-User System.
[[0;32m  OK  [0m] Reached target Graphical Interface.
         Starting Update UTMP about System Runlevel Changes...
         Starting Apply the settings specified in cloud-config...
[[0;32m  OK  [0m] Started Update UTMP about System Runlevel Changes.
[    8.505304] cloud-init[1302]: Generating locales (this might take a while)...
[    9.210540] cloud-init[1302]:   en_US.UTF-8... done
[    9.211479] cloud-init[1302]: Generation complete.
[    9.449841] cloud-init[1302]: Cloud-init v. 19.2-36-g059d049c-0ubuntu2~16.04.1 running 'modules:config' at Wed, 15 Jan 2020 17:27:06 +0000. Up 8.42 seconds.
[[0;32m  OK  [0m] Started Apply the settings specified in cloud-config.
         Starting Execute cloud user/final scripts...
ci-info: no authorized ssh keys fingerprints found for user ubuntu.
<14>Jan 15 17:27:07 ec2: 
<14>Jan 15 17:27:07 ec2: #############################################################
<14>Jan 15 17:27:07 ec2: -----BEGIN SSH HOST KEY FINGERPRINTS-----
<14>Jan 15 17:27:07 ec2: 1024 SHA256:2OX49W30WNtmkIh54GqAd/RKBey8ZCpIoxwvngJPS+k root@ubuntu-xenial (DSA)
<14>Jan 15 17:27:07 ec2: 256 SHA256:kGdbfhY7vK15C4aOID2ZoVO/SperiqQ6FhmmOBmp4oc root@ubuntu-xenial (ECDSA)
<14>Jan 15 17:27:07 ec2: 256 SHA256:tUf4AcPV+9Uq0/7vyp41xSn+YCacq3VXedPHdXHk6D0 root@ubuntu-xenial (ED25519)
<14>Jan 15 17:27:07 ec2: 2048 SHA256:fiuXSujQ7XRZ7/Pj9EE98MllefGcVCrnZyMm/bMfBM8 root@ubuntu-xenial (RSA)
<14>Jan 15 17:27:07 ec2: -----END SSH HOST KEY FINGERPRINTS-----
<14>Jan 15 17:27:07 ec2: #############################################################
-----BEGIN SSH HOST KEY KEYS-----
ecdsa-sha2-nistp256 AAAAE2VjZHNhLXNoYTItbmlzdHAyNTYAAAAIbmlzdHAyNTYAAABBBJ0uJRjGeoyHWNOoBaA3VyauB0mo+Cf447etUEhj4ZOSfrED5xOQgLQlhs/WveZelybMESoIQgxYGcn3AIeN1ew= root@ubuntu-xenial
ssh-ed25519 AAAAC3NzaC1lZDI1NTE5AAAAIARuMtdBCJBHbmmi8Zv6oIG0K1lXyN1GfURuzekVMZy/ root@ubuntu-xenial
ssh-rsa AAAAB3NzaC1yc2EAAAADAQABAAABAQDRNMFU/73QXW664LFEriNMsf4W/YxHWgpJ8k8wKfSm0Wbw8RXKeq9VwEqpVSe2q3Ll0MiSDNXbbQBbFgwqvIrTuFHHZpL7AuGjIK7rH0NtCMiZ5ejAg+pv5YaYUdh+i4938BbIwX76QjxQITizPvDx4JrTvf+g41N9/bA7PKMwxjppqvGAdruKYl0ytg+ya1HwIv4gyS+bTPlR+oCM/ZG56WPU+utSU/0o2yuLsLMdHNn5TyumZI6p1YRkeQ7CKTIhVlBqCH5yi3NLzDa0S4WeVgT/9F64bKIuxxUwlEAF26xIMetfBHD/UwF3p1DvjvbuI8es/ePEndDD7at/2PcV root@ubuntu-xenial
-----END SSH HOST KEY KEYS-----
[    9.847362] cloud-init[1342]: Cloud-init v. 19.2-36-g059d049c-0ubuntu2~16.04.1 running 'modules:final' at Wed, 15 Jan 2020 17:27:07 +0000. Up 9.71 seconds.
[    9.848721] cloud-init[1342]: ci-info: no authorized ssh keys fingerprints found for user ubuntu.
[    9.856403] cloud-init[1342]: Cloud-init v. 19.2-36-g059d049c-0ubuntu2~16.04.1 finished at Wed, 15 Jan 2020 17:27:07 +0000. Datasource DataSourceNoCloud [seed=/dev/sdb][dsmode=net].  Up 9.84 seconds
[[0;32m  OK  [0m] Started Execute cloud user/final scripts.
[[0;32m  OK  [0m] Reached target Cloud-init target.

Ubuntu 16.04.6 LTS ubuntu-xenial ttyS0

ubuntu-xenial login: 